This is pdfTeX, Version 3.141592653-2.6-1.40.27 (MiKTeX 25.4) (preloaded format=pdflatex 2025.5.11)  31 AUG 2025 01:21
entering extended mode
 restricted \write18 enabled.
 file:line:error style messages enabled.
 %&-line parsing enabled.
**c:/Users/eduar/Desktop/optsim_parent/OptSim/files/reports/first_results.tex
(c:/Users/eduar/Desktop/optsim_parent/OptSim/files/reports/first_results.tex
LaTeX2e <2024-11-01> patch level 2
L3 programming layer <2025-04-14>
(C:\Users\eduar\AppData\Local\Programs\MiKTeX\tex/latex/base\article.cls
Document Class: article 2024/06/29 v1.4n Standard LaTeX document class
(C:\Users\eduar\AppData\Local\Programs\MiKTeX\tex/latex/base\size12.clo
File: size12.clo 2024/06/29 v1.4n Standard LaTeX file (size option)
)
\c@part=\count272
\c@section=\count273
\c@subsection=\count274
\c@subsubsection=\count275
\c@paragraph=\count276
\c@subparagraph=\count277
\c@figure=\count278
\c@table=\count279
\abovecaptionskip=\skip49
\belowcaptionskip=\skip50
\bibindent=\dimen146
) (C:\Users\eduar\AppData\Local\Programs\MiKTeX\tex/latex/base\inputenc.sty
Package: inputenc 2024/02/08 v1.3d Input encoding file
\inpenc@prehook=\toks17
\inpenc@posthook=\toks18
) (C:\Users\eduar\AppData\Local\Programs\MiKTeX\tex/latex/amsmath\amsmath.sty
Package: amsmath 2024/11/05 v2.17t AMS math features
\@mathmargin=\skip51

For additional information on amsmath, use the `?' option.
(C:\Users\eduar\AppData\Local\Programs\MiKTeX\tex/latex/amsmath\amstext.sty
Package: amstext 2021/08/26 v2.01 AMS text
 (C:\Users\eduar\AppData\Local\Programs\MiKTeX\tex/latex/amsmath\amsgen.sty
File: amsgen.sty 1999/11/30 v2.0 generic functions
\@emptytoks=\toks19
\ex@=\dimen147
)) (C:\Users\eduar\AppData\Local\Programs\MiKTeX\tex/latex/amsmath\amsbsy.sty
Package: amsbsy 1999/11/29 v1.2d Bold Symbols
\pmbraise@=\dimen148
) (C:\Users\eduar\AppData\Local\Programs\MiKTeX\tex/latex/amsmath\amsopn.sty
Package: amsopn 2022/04/08 v2.04 operator names
)
\inf@bad=\count280
LaTeX Info: Redefining \frac on input line 233.
\uproot@=\count281
\leftroot@=\count282
LaTeX Info: Redefining \overline on input line 398.
LaTeX Info: Redefining \colon on input line 409.
\classnum@=\count283
\DOTSCASE@=\count284
LaTeX Info: Redefining \ldots on input line 495.
LaTeX Info: Redefining \dots on input line 498.
LaTeX Info: Redefining \cdots on input line 619.
\Mathstrutbox@=\box53
\strutbox@=\box54
LaTeX Info: Redefining \big on input line 721.
LaTeX Info: Redefining \Big on input line 722.
LaTeX Info: Redefining \bigg on input line 723.
LaTeX Info: Redefining \Bigg on input line 724.
\big@size=\dimen149
LaTeX Font Info:    Redeclaring font encoding OML on input line 742.
LaTeX Font Info:    Redeclaring font encoding OMS on input line 743.
\macc@depth=\count285
LaTeX Info: Redefining \bmod on input line 904.
LaTeX Info: Redefining \pmod on input line 909.
LaTeX Info: Redefining \smash on input line 939.
LaTeX Info: Redefining \relbar on input line 969.
LaTeX Info: Redefining \Relbar on input line 970.
\c@MaxMatrixCols=\count286
\dotsspace@=\muskip17
\c@parentequation=\count287
\dspbrk@lvl=\count288
\tag@help=\toks20
\row@=\count289
\column@=\count290
\maxfields@=\count291
\andhelp@=\toks21
\eqnshift@=\dimen150
\alignsep@=\dimen151
\tagshift@=\dimen152
\tagwidth@=\dimen153
\totwidth@=\dimen154
\lineht@=\dimen155
\@envbody=\toks22
\multlinegap=\skip52
\multlinetaggap=\skip53
\mathdisplay@stack=\toks23
LaTeX Info: Redefining \[ on input line 2953.
LaTeX Info: Redefining \] on input line 2954.
) (C:\Users\eduar\AppData\Local\Programs\MiKTeX\tex/latex/amsfonts\amssymb.sty
Package: amssymb 2013/01/14 v3.01 AMS font symbols
 (C:\Users\eduar\AppData\Local\Programs\MiKTeX\tex/latex/amsfonts\amsfonts.sty
Package: amsfonts 2013/01/14 v3.01 Basic AMSFonts support
\symAMSa=\mathgroup4
\symAMSb=\mathgroup5
LaTeX Font Info:    Redeclaring math symbol \hbar on input line 98.
LaTeX Font Info:    Overwriting math alphabet `\mathfrak' in version `bold'
(Font)                  U/euf/m/n --> U/euf/b/n on input line 106.
)) (C:\Users\eduar\AppData\Local\Programs\MiKTeX\tex/latex/graphics\graphicx.sty
Package: graphicx 2021/09/16 v1.2d Enhanced LaTeX Graphics (DPC,SPQR)
 (C:\Users\eduar\AppData\Local\Programs\MiKTeX\tex/latex/graphics\keyval.sty
Package: keyval 2022/05/29 v1.15 key=value parser (DPC)
\KV@toks@=\toks24
) (C:\Users\eduar\AppData\Local\Programs\MiKTeX\tex/latex/graphics\graphics.sty
Package: graphics 2024/08/06 v1.4g Standard LaTeX Graphics (DPC,SPQR)
 (C:\Users\eduar\AppData\Local\Programs\MiKTeX\tex/latex/graphics\trig.sty
Package: trig 2023/12/02 v1.11 sin cos tan (DPC)
) (C:\Users\eduar\AppData\Local\Programs\MiKTeX\tex/latex/graphics-cfg\graphics.cfg
File: graphics.cfg 2016/06/04 v1.11 sample graphics configuration
)
Package graphics Info: Driver file: pdftex.def on input line 106.
 (C:\Users\eduar\AppData\Local\Programs\MiKTeX\tex/latex/graphics-def\pdftex.def
File: pdftex.def 2024/04/13 v1.2c Graphics/color driver for pdftex
))
\Gin@req@height=\dimen156
\Gin@req@width=\dimen157
) (C:\Users\eduar\AppData\Local\Programs\MiKTeX\tex/latex/booktabs\booktabs.sty
Package: booktabs 2020/01/12 v1.61803398 Publication quality tables
\heavyrulewidth=\dimen158
\lightrulewidth=\dimen159
\cmidrulewidth=\dimen160
\belowrulesep=\dimen161
\belowbottomsep=\dimen162
\aboverulesep=\dimen163
\abovetopsep=\dimen164
\cmidrulesep=\dimen165
\cmidrulekern=\dimen166
\defaultaddspace=\dimen167
\@cmidla=\count292
\@cmidlb=\count293
\@aboverulesep=\dimen168
\@belowrulesep=\dimen169
\@thisruleclass=\count294
\@lastruleclass=\count295
\@thisrulewidth=\dimen170
) (C:\Users\eduar\AppData\Local\Programs\MiKTeX\tex/latex/siunitx\siunitx.sty
Package: siunitx 2025-07-09 v3.4.14 A comprehensive (SI) units package
\l__siunitx_number_uncert_offset_int=\count296
\l__siunitx_number_exponent_fixed_int=\count297
\l__siunitx_number_min_decimal_int=\count298
\l__siunitx_number_min_integer_int=\count299
\l__siunitx_number_round_precision_int=\count300
\l__siunitx_number_lower_threshold_int=\count301
\l__siunitx_number_upper_threshold_int=\count302
\l__siunitx_number_group_first_int=\count303
\l__siunitx_number_group_size_int=\count304
\l__siunitx_number_group_minimum_int=\count305
\l__siunitx_angle_tmp_dim=\dimen171
\l__siunitx_angle_marker_box=\box55
\l__siunitx_angle_unit_box=\box56
\l__siunitx_compound_count_int=\count306
 (C:\Users\eduar\AppData\Local\Programs\MiKTeX\tex/latex/translations\translations.sty
Package: translations 2022/02/05 v1.12 internationalization of LaTeX2e packages (CN)
 (C:\Users\eduar\AppData\Local\Programs\MiKTeX\tex/latex/etoolbox\etoolbox.sty
Package: etoolbox 2025/02/11 v2.5l e-TeX tools for LaTeX (JAW)
\etb@tempcnta=\count307
) (C:\Users\eduar\AppData\Local\Programs\MiKTeX\tex/generic/pdftexcmds\pdftexcmds.sty
Package: pdftexcmds 2020-06-27 v0.33 Utility functions of pdfTeX for LuaTeX (HO)
 (C:\Users\eduar\AppData\Local\Programs\MiKTeX\tex/generic/infwarerr\infwarerr.sty
Package: infwarerr 2019/12/03 v1.5 Providing info/warning/error messages (HO)
) (C:\Users\eduar\AppData\Local\Programs\MiKTeX\tex/generic/iftex\iftex.sty
Package: iftex 2024/12/12 v1.0g TeX engine tests
) (C:\Users\eduar\AppData\Local\Programs\MiKTeX\tex/generic/ltxcmds\ltxcmds.sty
Package: ltxcmds 2023-12-04 v1.26 LaTeX kernel commands for general use (HO)
)
Package pdftexcmds Info: \pdf@primitive is available.
Package pdftexcmds Info: \pdf@ifprimitive is available.
Package pdftexcmds Info: \pdfdraftmode found.
))
\l__siunitx_table_tmp_box=\box57
\l__siunitx_table_tmp_dim=\dimen172
\l__siunitx_table_column_width_dim=\dimen173
\l__siunitx_table_integer_box=\box58
\l__siunitx_table_decimal_box=\box59
\l__siunitx_table_uncert_box=\box60
\l__siunitx_table_before_box=\box61
\l__siunitx_table_after_box=\box62
\l__siunitx_table_before_dim=\dimen174
\l__siunitx_table_carry_dim=\dimen175
\l__siunitx_unit_tmp_int=\count308
\l__siunitx_unit_position_int=\count309
\l__siunitx_unit_total_int=\count310
 (C:\Users\eduar\AppData\Local\Programs\MiKTeX\tex/latex/tools\array.sty
Package: array 2024/10/17 v2.6g Tabular extension package (FMi)
\col@sep=\dimen176
\ar@mcellbox=\box63
\extrarowheight=\dimen177
\NC@list=\toks25
\extratabsurround=\skip54
\backup@length=\skip55
\ar@cellbox=\box64
)) (C:\Users\eduar\AppData\Local\Programs\MiKTeX\tex/latex/caption\caption.sty
Package: caption 2023/08/05 v3.6o Customizing captions (AR)
 (C:\Users\eduar\AppData\Local\Programs\MiKTeX\tex/latex/caption\caption3.sty
Package: caption3 2023/07/31 v2.4d caption3 kernel (AR)
\caption@tempdima=\dimen178
\captionmargin=\dimen179
\caption@leftmargin=\dimen180
\caption@rightmargin=\dimen181
\caption@width=\dimen182
\caption@indent=\dimen183
\caption@parindent=\dimen184
\caption@hangindent=\dimen185
Package caption Info: Standard document class detected.
)
\c@caption@flags=\count311
\c@continuedfloat=\count312
) (C:\Users\eduar\AppData\Local\Programs\MiKTeX\tex/latex/caption\subcaption.sty
Package: subcaption 2023/07/28 v1.6b Sub-captions (AR)
Package caption Info: New subtype `subfigure' on input line 238.
\c@subfigure=\count313
Package caption Info: New subtype `subtable' on input line 238.
\c@subtable=\count314
) (C:\Users\eduar\AppData\Local\Programs\MiKTeX\tex/latex/geometry\geometry.sty
Package: geometry 2020/01/02 v5.9 Page Geometry
 (C:\Users\eduar\AppData\Local\Programs\MiKTeX\tex/generic/iftex\ifvtex.sty
Package: ifvtex 2019/10/25 v1.7 ifvtex legacy package. Use iftex instead.
)
\Gm@cnth=\count315
\Gm@cntv=\count316
\c@Gm@tempcnt=\count317
\Gm@bindingoffset=\dimen186
\Gm@wd@mp=\dimen187
\Gm@odd@mp=\dimen188
\Gm@even@mp=\dimen189
\Gm@layoutwidth=\dimen190
\Gm@layoutheight=\dimen191
\Gm@layouthoffset=\dimen192
\Gm@layoutvoffset=\dimen193
\Gm@dimlist=\toks26
 (C:\Users\eduar\AppData\Local\Programs\MiKTeX\tex/latex/geometry\geometry.cfg)) (C:\Users\eduar\AppData\Local\Programs\MiKTeX\tex/latex/float\float.sty
Package: float 2001/11/08 v1.3d Float enhancements (AL)
\c@float@type=\count318
\float@exts=\toks27
\float@box=\box65
\@float@everytoks=\toks28
\@floatcapt=\box66
)
Package translations Info: No language package found. I am going to use `english' as default language. on input line 21.
 (C:\Users\eduar\AppData\Local\Programs\MiKTeX\tex/latex/graphics\color.sty
Package: color 2024/06/23 v1.3e Standard LaTeX Color (DPC)
 (C:\Users\eduar\AppData\Local\Programs\MiKTeX\tex/latex/graphics-cfg\color.cfg
File: color.cfg 2016/01/02 v1.6 sample color configuration
)
Package color Info: Driver file: pdftex.def on input line 149.
 (C:\Users\eduar\AppData\Local\Programs\MiKTeX\tex/latex/graphics\mathcolor.ltx)) (C:\Users\eduar\AppData\Local\Programs\MiKTeX\tex/latex/l3backend\l3backend-pdftex.def
File: l3backend-pdftex.def 2025-04-14 L3 backend support: PDF output (pdfTeX)
\l__color_backend_stack_int=\count319
) (first_results.aux

LaTeX Warning: Label `tab:beta_num' multiply defined.


LaTeX Warning: Label `tab:wv_var' multiply defined.

)
\openout1 = `first_results.aux'.

LaTeX Font Info:    Checking defaults for OML/cmm/m/it on input line 21.
LaTeX Font Info:    ... okay on input line 21.
LaTeX Font Info:    Checking defaults for OMS/cmsy/m/n on input line 21.
LaTeX Font Info:    ... okay on input line 21.
LaTeX Font Info:    Checking defaults for OT1/cmr/m/n on input line 21.
LaTeX Font Info:    ... okay on input line 21.
LaTeX Font Info:    Checking defaults for T1/cmr/m/n on input line 21.
LaTeX Font Info:    ... okay on input line 21.
LaTeX Font Info:    Checking defaults for TS1/cmr/m/n on input line 21.
LaTeX Font Info:    ... okay on input line 21.
LaTeX Font Info:    Checking defaults for OMX/cmex/m/n on input line 21.
LaTeX Font Info:    ... okay on input line 21.
LaTeX Font Info:    Checking defaults for U/cmr/m/n on input line 21.
LaTeX Font Info:    ... okay on input line 21.
 (C:\Users\eduar\AppData\Local\Programs\MiKTeX\tex/context/base/mkii\supp-pdf.mkii
[Loading MPS to PDF converter (version 2006.09.02).]
\scratchcounter=\count320
\scratchdimen=\dimen194
\scratchbox=\box67
\nofMPsegments=\count321
\nofMParguments=\count322
\everyMPshowfont=\toks29
\MPscratchCnt=\count323
\MPscratchDim=\dimen195
\MPnumerator=\count324
\makeMPintoPDFobject=\count325
\everyMPtoPDFconversion=\toks30
) (C:\Users\eduar\AppData\Local\Programs\MiKTeX\tex/latex/epstopdf-pkg\epstopdf-base.sty
Package: epstopdf-base 2020-01-24 v2.11 Base part for package epstopdf
Package epstopdf-base Info: Redefining graphics rule for `.eps' on input line 485.
 (C:\Users\eduar\AppData\Local\Programs\MiKTeX\tex/latex/00miktex\epstopdf-sys.cfg
File: epstopdf-sys.cfg 2021/03/18 v2.0 Configuration of epstopdf for MiKTeX
)) (C:\Users\eduar\AppData\Local\Programs\MiKTeX\tex/latex/translations/dicts\translations-basic-dictionary-english.trsl
File: translations-basic-dictionary-english.trsl (english translation file `translations-basic-dictionary')
)
Package translations Info: loading dictionary `translations-basic-dictionary' for `english'. on input line 21.
Package caption Info: Begin \AtBeginDocument code.
Package caption Info: float package is loaded.
Package caption Info: End \AtBeginDocument code.

*geometry* driver: auto-detecting
*geometry* detected driver: pdftex
*geometry* verbose mode - [ preamble ] result:
* driver: pdftex
* paper: a4paper
* layout: <same size as paper>
* layoutoffset:(h,v)=(0.0pt,0.0pt)
* modes: 
* h-part:(L,W,R)=(71.13188pt, 455.24411pt, 71.13188pt)
* v-part:(T,H,B)=(71.13188pt, 702.78308pt, 71.13188pt)
* \paperwidth=597.50787pt
* \paperheight=845.04684pt
* \textwidth=455.24411pt
* \textheight=702.78308pt
* \oddsidemargin=-1.1381pt
* \evensidemargin=-1.1381pt
* \topmargin=-38.1381pt
* \headheight=12.0pt
* \headsep=25.0pt
* \topskip=12.0pt
* \footskip=30.0pt
* \marginparwidth=35.0pt
* \marginparsep=10.0pt
* \columnsep=10.0pt
* \skip\footins=10.8pt plus 4.0pt minus 2.0pt
* \hoffset=0.0pt
* \voffset=0.0pt
* \mag=1000
* \@twocolumnfalse
* \@twosidefalse
* \@mparswitchfalse
* \@reversemarginfalse
* (1in=72.27pt=25.4mm, 1cm=28.453pt)

LaTeX Font Info:    Trying to load font information for U+msa on input line 23.
(C:\Users\eduar\AppData\Local\Programs\MiKTeX\tex/latex/amsfonts\umsa.fd
File: umsa.fd 2013/01/14 v3.01 AMS symbols A
)
LaTeX Font Info:    Trying to load font information for U+msb on input line 23.
 (C:\Users\eduar\AppData\Local\Programs\MiKTeX\tex/latex/amsfonts\umsb.fd
File: umsb.fd 2013/01/14 v3.01 AMS symbols B
)
<../graphics/dispersion_relation.png, id=1, 470.4777pt x 354.8457pt>
File: ../graphics/dispersion_relation.png Graphic file (type png)
<use ../graphics/dispersion_relation.png>
Package pdftex.def Info: ../graphics/dispersion_relation.png  used on input line 58.
(pdftex.def)             Requested size: 211.713pt x 159.67908pt.

Overfull \hbox (6.85454pt too wide) in paragraph at lines 58--59
 [][] 
 []

<../graphics/planar_dielectric_waveguide/critical_angle_vs_refractive_index.png, id=3, 470.4777pt x 354.8457pt>
File: ../graphics/planar_dielectric_waveguide/critical_angle_vs_refractive_index.png Graphic file (type png)
<use ../graphics/planar_dielectric_waveguide/critical_angle_vs_refractive_index.png>
Package pdftex.def Info: ../graphics/planar_dielectric_waveguide/critical_angle_vs_refractive_index.png  used on input line 65.
(pdftex.def)             Requested size: 211.713pt x 159.67908pt.

Overfull \hbox (6.85454pt too wide) in paragraph at lines 65--66
 [][] 
 []



[1

{C:/Users/eduar/AppData/Local/MiKTeX/fonts/map/pdftex/pdftex.map}]

[2 <../graphics/dispersion_relation.png> <../graphics/planar_dielectric_waveguide/critical_angle_vs_refractive_index.png>]
<../graphics/planar_dielectric_waveguide/modes_SiO2_d10um_wv1.55um.png, id=24, 470.4777pt x 354.8457pt>
File: ../graphics/planar_dielectric_waveguide/modes_SiO2_d10um_wv1.55um.png Graphic file (type png)
<use ../graphics/planar_dielectric_waveguide/modes_SiO2_d10um_wv1.55um.png>
Package pdftex.def Info: ../graphics/planar_dielectric_waveguide/modes_SiO2_d10um_wv1.55um.png  used on input line 126.
(pdftex.def)             Requested size: 211.713pt x 159.67908pt.

Overfull \hbox (6.85454pt too wide) in paragraph at lines 126--127
 [][] 
 []

<../graphics/planar_dielectric_waveguide/modeshell_SiO2_d10um_wv1.55um.png, id=25, 470.4777pt x 354.8457pt>
File: ../graphics/planar_dielectric_waveguide/modeshell_SiO2_d10um_wv1.55um.png Graphic file (type png)
<use ../graphics/planar_dielectric_waveguide/modeshell_SiO2_d10um_wv1.55um.png>
Package pdftex.def Info: ../graphics/planar_dielectric_waveguide/modeshell_SiO2_d10um_wv1.55um.png  used on input line 133.
(pdftex.def)             Requested size: 211.713pt x 159.67908pt.

Overfull \hbox (6.85454pt too wide) in paragraph at lines 133--134
 [][] 
 []



[3 <../graphics/planar_dielectric_waveguide/modes_SiO2_d10um_wv1.55um.png> <../graphics/planar_dielectric_waveguide/modeshell_SiO2_d10um_wv1.55um.png>]
<../graphics/rectangular_dielectric_waveguide/modes_SiO2_w6um_t2um_wv1.55um.png, id=31, 470.4777pt x 354.8457pt>
File: ../graphics/rectangular_dielectric_waveguide/modes_SiO2_w6um_t2um_wv1.55um.png Graphic file (type png)
<use ../graphics/rectangular_dielectric_waveguide/modes_SiO2_w6um_t2um_wv1.55um.png>
Package pdftex.def Info: ../graphics/rectangular_dielectric_waveguide/modes_SiO2_w6um_t2um_wv1.55um.png  used on input line 206.
(pdftex.def)             Requested size: 211.713pt x 159.67908pt.

Overfull \hbox (6.85454pt too wide) in paragraph at lines 206--207
 [][] 
 []

<../graphics/rectangular_dielectric_waveguide/modeshell_SiO2_w6um_t2um_wv1.55um.png, id=32, 470.4777pt x 354.8457pt>
File: ../graphics/rectangular_dielectric_waveguide/modeshell_SiO2_w6um_t2um_wv1.55um.png Graphic file (type png)
<use ../graphics/rectangular_dielectric_waveguide/modeshell_SiO2_w6um_t2um_wv1.55um.png>
Package pdftex.def Info: ../graphics/rectangular_dielectric_waveguide/modeshell_SiO2_w6um_t2um_wv1.55um.png  used on input line 213.
(pdftex.def)             Requested size: 211.713pt x 159.67908pt.

Overfull \hbox (6.85454pt too wide) in paragraph at lines 213--214
 [][] 
 []



[4 <../graphics/rectangular_dielectric_waveguide/modes_SiO2_w6um_t2um_wv1.55um.png> <../graphics/rectangular_dielectric_waveguide/modeshell_SiO2_w6um_t2um_wv1.55um.png>]
<../graphics/comsol_individual_waveguide/SiO2_normE_1.png, id=39, 618.05907pt x 306.39468pt>
File: ../graphics/comsol_individual_waveguide/SiO2_normE_1.png Graphic file (type png)
<use ../graphics/comsol_individual_waveguide/SiO2_normE_1.png>
Package pdftex.def Info: ../graphics/comsol_individual_waveguide/SiO2_normE_1.png  used on input line 289.
(pdftex.def)             Requested size: 197.78294pt x 98.0483pt.
<../graphics/comsol_individual_waveguide/SiO2_normE_2.png, id=40, 618.05907pt x 306.39468pt>
File: ../graphics/comsol_individual_waveguide/SiO2_normE_2.png Graphic file (type png)
<use ../graphics/comsol_individual_waveguide/SiO2_normE_2.png>
Package pdftex.def Info: ../graphics/comsol_individual_waveguide/SiO2_normE_2.png  used on input line 296.
(pdftex.def)             Requested size: 197.78294pt x 98.0483pt.


[5]
<../graphics/comsol_individual_waveguide/SiO2_normE_3.png, id=45, 618.05907pt x 306.39468pt>
File: ../graphics/comsol_individual_waveguide/SiO2_normE_3.png Graphic file (type png)
<use ../graphics/comsol_individual_waveguide/SiO2_normE_3.png>
Package pdftex.def Info: ../graphics/comsol_individual_waveguide/SiO2_normE_3.png  used on input line 309.
(pdftex.def)             Requested size: 197.78294pt x 98.0483pt.
<../graphics/comsol_individual_waveguide/SiO2_normE_5.png, id=46, 618.05907pt x 306.39468pt>
File: ../graphics/comsol_individual_waveguide/SiO2_normE_5.png Graphic file (type png)
<use ../graphics/comsol_individual_waveguide/SiO2_normE_5.png>
Package pdftex.def Info: ../graphics/comsol_individual_waveguide/SiO2_normE_5.png  used on input line 316.
(pdftex.def)             Requested size: 197.78294pt x 98.0483pt.
<../graphics/comsol_individual_waveguide/SiO2_normH_1.png, id=47, 618.05907pt x 306.39468pt>
File: ../graphics/comsol_individual_waveguide/SiO2_normH_1.png Graphic file (type png)
<use ../graphics/comsol_individual_waveguide/SiO2_normH_1.png>
Package pdftex.def Info: ../graphics/comsol_individual_waveguide/SiO2_normH_1.png  used on input line 344.
(pdftex.def)             Requested size: 197.78294pt x 98.0483pt.
<../graphics/comsol_individual_waveguide/SiO2_normH_2.png, id=48, 618.05907pt x 306.39468pt>
File: ../graphics/comsol_individual_waveguide/SiO2_normH_2.png Graphic file (type png)
<use ../graphics/comsol_individual_waveguide/SiO2_normH_2.png>
Package pdftex.def Info: ../graphics/comsol_individual_waveguide/SiO2_normH_2.png  used on input line 350.
(pdftex.def)             Requested size: 197.78294pt x 98.0483pt.


[6 <../graphics/comsol_individual_waveguide/SiO2_normE_1.png (PNG copy)> <../graphics/comsol_individual_waveguide/SiO2_normE_2.png (PNG copy)> <../graphics/comsol_individual_waveguide/SiO2_normE_3.png (PNG copy)> <../graphics/comsol_individual_waveguide/SiO2_normE_5.png (PNG copy)>]
Underfull \hbox (badness 2343) in paragraph at lines 392--392
[]\OT1/cmr/m/n/10.95 (b) |H-field. The com-po-nents are in
 []



[7 <../graphics/comsol_individual_waveguide/SiO2_normH_1.png (PNG copy)> <../graphics/comsol_individual_waveguide/SiO2_normH_2.png (PNG copy)>]
<../graphics/comsol_coupled_waveguide/SiO2_SiO2_normE_0_d1um.png, id=56, 618.05907pt x 306.39468pt>
File: ../graphics/comsol_coupled_waveguide/SiO2_SiO2_normE_0_d1um.png Graphic file (type png)
<use ../graphics/comsol_coupled_waveguide/SiO2_SiO2_normE_0_d1um.png>
Package pdftex.def Info: ../graphics/comsol_coupled_waveguide/SiO2_SiO2_normE_0_d1um.png  used on input line 479.
(pdftex.def)             Requested size: 197.78294pt x 98.0483pt.
<../graphics/comsol_coupled_waveguide/SiO2_SiO2_normE_0_d0.5um.png, id=57, 618.05907pt x 306.39468pt>
File: ../graphics/comsol_coupled_waveguide/SiO2_SiO2_normE_0_d0.5um.png Graphic file (type png)
<use ../graphics/comsol_coupled_waveguide/SiO2_SiO2_normE_0_d0.5um.png>
Package pdftex.def Info: ../graphics/comsol_coupled_waveguide/SiO2_SiO2_normE_0_d0.5um.png  used on input line 485.
(pdftex.def)             Requested size: 197.78294pt x 98.0483pt.
<../graphics/comsol_coupled_waveguide/SiO2_SiO2_normE_0_d0.1um.png, id=58, 618.05907pt x 306.39468pt>
File: ../graphics/comsol_coupled_waveguide/SiO2_SiO2_normE_0_d0.1um.png Graphic file (type png)
<use ../graphics/comsol_coupled_waveguide/SiO2_SiO2_normE_0_d0.1um.png>
Package pdftex.def Info: ../graphics/comsol_coupled_waveguide/SiO2_SiO2_normE_0_d0.1um.png  used on input line 491.
(pdftex.def)             Requested size: 197.78294pt x 98.0483pt.
<../graphics/comsol_coupled_waveguide/SiO2_SiO2_normE_0_d0um.png, id=59, 618.05907pt x 306.39468pt>
File: ../graphics/comsol_coupled_waveguide/SiO2_SiO2_normE_0_d0um.png Graphic file (type png)
<use ../graphics/comsol_coupled_waveguide/SiO2_SiO2_normE_0_d0um.png>
Package pdftex.def Info: ../graphics/comsol_coupled_waveguide/SiO2_SiO2_normE_0_d0um.png  used on input line 497.
(pdftex.def)             Requested size: 197.78294pt x 98.0483pt.


[8]
File: ../graphics/comsol_coupled_waveguide/SiO2_SiO2_normE_0_d0.5um.png Graphic file (type png)
<use ../graphics/comsol_coupled_waveguide/SiO2_SiO2_normE_0_d0.5um.png>
Package pdftex.def Info: ../graphics/comsol_coupled_waveguide/SiO2_SiO2_normE_0_d0.5um.png  used on input line 510.
(pdftex.def)             Requested size: 197.78294pt x 98.0483pt.
<../graphics/comsol_coupled_waveguide/TiO2_TiO2_normE_0_d0.5um.png, id=63, 618.05907pt x 306.39468pt>
File: ../graphics/comsol_coupled_waveguide/TiO2_TiO2_normE_0_d0.5um.png Graphic file (type png)
<use ../graphics/comsol_coupled_waveguide/TiO2_TiO2_normE_0_d0.5um.png>
Package pdftex.def Info: ../graphics/comsol_coupled_waveguide/TiO2_TiO2_normE_0_d0.5um.png  used on input line 516.
(pdftex.def)             Requested size: 197.78294pt x 98.0483pt.
<../graphics/comsol_coupled_waveguide/SiO2_TiO2_normE_0_d0.5um.png, id=64, 618.05907pt x 306.39468pt>
File: ../graphics/comsol_coupled_waveguide/SiO2_TiO2_normE_0_d0.5um.png Graphic file (type png)
<use ../graphics/comsol_coupled_waveguide/SiO2_TiO2_normE_0_d0.5um.png>
Package pdftex.def Info: ../graphics/comsol_coupled_waveguide/SiO2_TiO2_normE_0_d0.5um.png  used on input line 522.
(pdftex.def)             Requested size: 197.78294pt x 98.0483pt.
<../graphics/comsol_coupled_waveguide/SiO2_SiO2_d0.5um_w12um_t4um_normE_0.png, id=65, 618.05907pt x 306.39468pt>
File: ../graphics/comsol_coupled_waveguide/SiO2_SiO2_d0.5um_w12um_t4um_normE_0.png Graphic file (type png)
<use ../graphics/comsol_coupled_waveguide/SiO2_SiO2_d0.5um_w12um_t4um_normE_0.png>
Package pdftex.def Info: ../graphics/comsol_coupled_waveguide/SiO2_SiO2_d0.5um_w12um_t4um_normE_0.png  used on input line 536.
(pdftex.def)             Requested size: 197.78294pt x 98.0483pt.
<../graphics/comsol_coupled_waveguide/SiO2_SiO2_d0.5um_w12um_t4um_normE_3.png, id=66, 618.05907pt x 306.39468pt>
File: ../graphics/comsol_coupled_waveguide/SiO2_SiO2_d0.5um_w12um_t4um_normE_3.png Graphic file (type png)
<use ../graphics/comsol_coupled_waveguide/SiO2_SiO2_d0.5um_w12um_t4um_normE_3.png>
Package pdftex.def Info: ../graphics/comsol_coupled_waveguide/SiO2_SiO2_d0.5um_w12um_t4um_normE_3.png  used on input line 542.
(pdftex.def)             Requested size: 197.78294pt x 98.0483pt.
<../graphics/comsol_coupled_waveguide/SiO2_SiO2_d0.5um_w12um_t4um_normE_6.png, id=67, 618.05907pt x 306.39468pt>
File: ../graphics/comsol_coupled_waveguide/SiO2_SiO2_d0.5um_w12um_t4um_normE_6.png Graphic file (type png)
<use ../graphics/comsol_coupled_waveguide/SiO2_SiO2_d0.5um_w12um_t4um_normE_6.png>
Package pdftex.def Info: ../graphics/comsol_coupled_waveguide/SiO2_SiO2_d0.5um_w12um_t4um_normE_6.png  used on input line 548.
(pdftex.def)             Requested size: 197.78294pt x 98.0483pt.
<../graphics/comsol_coupled_waveguide/SiO2_SiO2_d0.5um_w12um_t4um_normE_9.png, id=68, 618.05907pt x 306.39468pt>
File: ../graphics/comsol_coupled_waveguide/SiO2_SiO2_d0.5um_w12um_t4um_normE_9.png Graphic file (type png)
<use ../graphics/comsol_coupled_waveguide/SiO2_SiO2_d0.5um_w12um_t4um_normE_9.png>
Package pdftex.def Info: ../graphics/comsol_coupled_waveguide/SiO2_SiO2_d0.5um_w12um_t4um_normE_9.png  used on input line 554.
(pdftex.def)             Requested size: 197.78294pt x 98.0483pt.


[9 <../graphics/comsol_coupled_waveguide/SiO2_SiO2_normE_0_d1um.png (PNG copy)> <../graphics/comsol_coupled_waveguide/SiO2_SiO2_normE_0_d0.5um.png (PNG copy)> <../graphics/comsol_coupled_waveguide/SiO2_SiO2_normE_0_d0.1um.png (PNG copy)> <../graphics/comsol_coupled_waveguide/SiO2_SiO2_normE_0_d0um.png (PNG copy)> <../graphics/comsol_coupled_waveguide/TiO2_TiO2_normE_0_d0.5um.png (PNG copy)> <../graphics/comsol_coupled_waveguide/SiO2_TiO2_normE_0_d0.5um.png (PNG copy)>]
<../graphics/comsol_coupled_waveguide/SiO2_SiO2d_0.5um_dy1um_normE_7.png, id=72, 618.05907pt x 306.39468pt>
File: ../graphics/comsol_coupled_waveguide/SiO2_SiO2d_0.5um_dy1um_normE_7.png Graphic file (type png)
<use ../graphics/comsol_coupled_waveguide/SiO2_SiO2d_0.5um_dy1um_normE_7.png>
Package pdftex.def Info: ../graphics/comsol_coupled_waveguide/SiO2_SiO2d_0.5um_dy1um_normE_7.png  used on input line 569.
(pdftex.def)             Requested size: 197.78294pt x 98.0483pt.
<../graphics/comsol_coupled_waveguide/SiO2_SiO2d_0.5um_dy1um_normE_8.png, id=73, 618.05907pt x 306.39468pt>
File: ../graphics/comsol_coupled_waveguide/SiO2_SiO2d_0.5um_dy1um_normE_8.png Graphic file (type png)
<use ../graphics/comsol_coupled_waveguide/SiO2_SiO2d_0.5um_dy1um_normE_8.png>
Package pdftex.def Info: ../graphics/comsol_coupled_waveguide/SiO2_SiO2d_0.5um_dy1um_normE_8.png  used on input line 575.
(pdftex.def)             Requested size: 197.78294pt x 98.0483pt.
File: ../graphics/comsol_coupled_waveguide/SiO2_SiO2_normE_0_d0.5um.png Graphic file (type png)
<use ../graphics/comsol_coupled_waveguide/SiO2_SiO2_normE_0_d0.5um.png>
Package pdftex.def Info: ../graphics/comsol_coupled_waveguide/SiO2_SiO2_normE_0_d0.5um.png  used on input line 589.
(pdftex.def)             Requested size: 197.78294pt x 98.0483pt.
<../graphics/comsol_coupled_waveguide/SiO2_SiO2_normE_1_d0.5um.png, id=74, 618.05907pt x 306.39468pt>
File: ../graphics/comsol_coupled_waveguide/SiO2_SiO2_normE_1_d0.5um.png Graphic file (type png)
<use ../graphics/comsol_coupled_waveguide/SiO2_SiO2_normE_1_d0.5um.png>
Package pdftex.def Info: ../graphics/comsol_coupled_waveguide/SiO2_SiO2_normE_1_d0.5um.png  used on input line 596.
(pdftex.def)             Requested size: 197.78294pt x 98.0483pt.


[10 <../graphics/comsol_coupled_waveguide/SiO2_SiO2_d0.5um_w12um_t4um_normE_0.png (PNG copy)> <../graphics/comsol_coupled_waveguide/SiO2_SiO2_d0.5um_w12um_t4um_normE_3.png (PNG copy)> <../graphics/comsol_coupled_waveguide/SiO2_SiO2_d0.5um_w12um_t4um_normE_6.png (PNG copy)> <../graphics/comsol_coupled_waveguide/SiO2_SiO2_d0.5um_w12um_t4um_normE_9.png (PNG copy)> <../graphics/comsol_coupled_waveguide/SiO2_SiO2d_0.5um_dy1um_normE_7.png (PNG copy)> <../graphics/comsol_coupled_waveguide/SiO2_SiO2d_0.5um_dy1um_normE_8.png (PNG copy)>]

[11 <../graphics/comsol_coupled_waveguide/SiO2_SiO2_normE_1_d0.5um.png (PNG copy)>]

[12]

[13] (first_results.aux)
 ***********
LaTeX2e <2024-11-01> patch level 2
L3 programming layer <2025-04-14>
 ***********


LaTeX Warning: There were multiply-defined labels.

 ) 
Here is how much of TeX's memory you used:
 9511 strings out of 469941
 223721 string characters out of 5469430
 569719 words of memory out of 5000000
 36247 multiletter control sequences out of 15000+600000
 638402 words of font info for 84 fonts, out of 8000000 for 9000
 1141 hyphenation exceptions out of 8191
 73i,12n,80p,799b,541s stack positions out of 10000i,1000n,20000p,200000b,200000s
 <C:\Users\eduar\AppData\Local\MiKTeX\fonts/pk/ljfour/jknappen/ec/dpi600\tcrm1200.pk><C:/Users/eduar/AppData/Local/Programs/MiKTeX/fonts/type1/public/amsfonts/cm/cmbx12.pfb><C:/Users/eduar/AppData/Local/Programs/MiKTeX/fonts/type1/public/amsfonts/cm/cmex10.pfb><C:/Users/eduar/AppData/Local/Programs/MiKTeX/fonts/type1/public/amsfonts/cm/cmmi10.pfb><C:/Users/eduar/AppData/Local/Programs/MiKTeX/fonts/type1/public/amsfonts/cm/cmmi12.pfb><C:/Users/eduar/AppData/Local/Programs/MiKTeX/fonts/type1/public/amsfonts/cm/cmmi8.pfb><C:/Users/eduar/AppData/Local/Programs/MiKTeX/fonts/type1/public/amsfonts/cm/cmr10.pfb><C:/Users/eduar/AppData/Local/Programs/MiKTeX/fonts/type1/public/amsfonts/cm/cmr12.pfb><C:/Users/eduar/AppData/Local/Programs/MiKTeX/fonts/type1/public/amsfonts/cm/cmr17.pfb><C:/Users/eduar/AppData/Local/Programs/MiKTeX/fonts/type1/public/amsfonts/cm/cmr6.pfb><C:/Users/eduar/AppData/Local/Programs/MiKTeX/fonts/type1/public/amsfonts/cm/cmr8.pfb><C:/Users/eduar/AppData/Local/Programs/MiKTeX/fonts/type1/public/amsfonts/cm/cmsy10.pfb><C:/Users/eduar/AppData/Local/Programs/MiKTeX/fonts/type1/public/amsfonts/cm/cmsy8.pfb>
Output written on first_results.pdf (13 pages, 2032029 bytes).
PDF statistics:
 142 PDF objects out of 1000 (max. 8388607)
 0 named destinations out of 1000 (max. 500000)
 126 words of extra memory for PDF output out of 10000 (max. 10000000)

